<?xml version="1.0" encoding="utf-8"?><testsuites name="pytest tests"><testsuite name="pytest" errors="0" failures="0" skipped="0" tests="21" time="10.042" timestamp="2026-03-31T01:35:45.511304+00:00" hostname="agent-env-ac03ecff-024b-4c7c-90a6-0c4dd8a8ab93"><testcase classname="backend.tests.test_admin_api.TestAdminAuth" name="test_admin_login_returns_is_superadmin_true" time="0.471" /><testcase classname="backend.tests.test_admin_api.TestAdminAuth" name="test_demo_user_login_returns_is_superadmin_false" time="0.347" /><testcase classname="backend.tests.test_admin_api.TestAdminStats" name="test_get_admin_stats" time="0.463" /><testcase classname="backend.tests.test_admin_api.TestAdminUsers" name="test_list_users" time="0.469" /><testcase classname="backend.tests.test_admin_api.TestAdminUsers" name="test_list_users_with_search" time="0.502" /><testcase classname="backend.tests.test_admin_api.TestAdminUsers" name="test_list_users_with_plan_filter" time="0.528" /><testcase classname="backend.tests.test_admin_api.TestAdminUsers" name="test_get_user_detail" time="0.597" /><testcase classname="backend.tests.test_admin_api.TestAdminUsers" name="test_get_user_detail_not_found" time="0.461" /><testcase classname="backend.tests.test_admin_api.TestAdminUserActions" name="test_suspend_and_reactivate_user" time="0.717" /><testcase classname="backend.tests.test_admin_api.TestAdminUserActions" name="test_change_user_plan" time="0.693" /><testcase classname="backend.tests.test_admin_api.TestAdminRevenues" name="test_get_revenues" time="0.438" /><testcase classname="backend.tests.test_admin_api.TestAdminWorkspaces" name="test_list_workspaces" time="0.476" /><testcase classname="backend.tests.test_admin_api.TestAdminMessages" name="test_get_messages_stats" time="0.463" /><testcase classname="backend.tests.test_admin_api.TestAdminRecentSignups" name="test_get_recent_signups" time="0.438" /><testcase classname="backend.tests.test_admin_api.TestAdminTopWorkspaces" name="test_get_top_workspaces" time="0.453" /><testcase classname="backend.tests.test_admin_api.TestAdminSecurity" name="test_non_admin_blocked_from_stats" time="0.451" /><testcase classname="backend.tests.test_admin_api.TestAdminSecurity" name="test_non_admin_blocked_from_users" time="0.429" /><testcase classname="backend.tests.test_admin_api.TestAdminSecurity" name="test_non_admin_blocked_from_revenues" time="0.454" /><testcase classname="backend.tests.test_admin_api.TestAdminSecurity" name="test_non_admin_blocked_from_workspaces" time="0.468" /><testcase classname="backend.tests.test_admin_api.TestAdminSecurity" name="test_non_admin_blocked_from_messages" time="0.445" /><testcase classname="backend.tests.test_admin_api.TestAdminSecurity" name="test_unauthenticated_blocked_from_admin" time="0.120" /></testsuite></testsuites>