<?xml version="1.0" encoding="utf-8"?><testsuites name="pytest tests"><testsuite name="pytest" errors="0" failures="0" skipped="0" tests="29" time="5.730" timestamp="2026-03-31T05:40:40.103848+00:00" hostname="agent-env-ac03ecff-024b-4c7c-90a6-0c4dd8a8ab93"><testcase classname="backend.tests.test_admin_new_features.TestAdminAuth" name="test_admin_login_success" time="0.421" /><testcase classname="backend.tests.test_admin_new_features.TestAdvancedAnalytics" name="test_advanced_analytics_returns_200" time="0.449" /><testcase classname="backend.tests.test_admin_new_features.TestAdvancedAnalytics" name="test_advanced_analytics_has_conversion_rate" time="0.122" /><testcase classname="backend.tests.test_admin_new_features.TestAdvancedAnalytics" name="test_advanced_analytics_has_retention_rate" time="0.128" /><testcase classname="backend.tests.test_admin_new_features.TestAdvancedAnalytics" name="test_advanced_analytics_has_signup_trend" time="0.116" /><testcase classname="backend.tests.test_admin_new_features.TestAdvancedAnalytics" name="test_advanced_analytics_has_conversion_funnel" time="0.123" /><testcase classname="backend.tests.test_admin_new_features.TestAdvancedAnalytics" name="test_advanced_analytics_has_top_agents" time="0.120" /><testcase classname="backend.tests.test_admin_new_features.TestAdvancedAnalytics" name="test_advanced_analytics_has_activity_heatmap" time="0.163" /><testcase classname="backend.tests.test_admin_new_features.TestAdvancedAnalytics" name="test_advanced_analytics_has_countries" time="0.112" /><testcase classname="backend.tests.test_admin_new_features.TestAdvancedAnalytics" name="test_advanced_analytics_has_user_counts" time="0.171" /><testcase classname="backend.tests.test_admin_new_features.TestAuditLogs" name="test_audit_logs_returns_200" time="0.471" /><testcase classname="backend.tests.test_admin_new_features.TestAuditLogs" name="test_audit_logs_has_pagination" time="0.099" /><testcase classname="backend.tests.test_admin_new_features.TestAuditLogs" name="test_audit_logs_entry_structure" time="0.106" /><testcase classname="backend.tests.test_admin_new_features.TestAuditLogs" name="test_audit_logs_filter_by_action" time="0.108" /><testcase classname="backend.tests.test_admin_new_features.TestAuditLogs" name="test_audit_logs_pagination_params" time="0.125" /><testcase classname="backend.tests.test_admin_new_features.TestPDFExport" name="test_export_users_pdf_returns_200" time="0.556" /><testcase classname="backend.tests.test_admin_new_features.TestPDFExport" name="test_export_users_pdf_content_type" time="0.140" /><testcase classname="backend.tests.test_admin_new_features.TestPDFExport" name="test_export_users_pdf_has_content_disposition" time="0.109" /><testcase classname="backend.tests.test_admin_new_features.TestPDFExport" name="test_export_users_pdf_valid_pdf" time="0.110" /><testcase classname="backend.tests.test_admin_new_features.TestPDFExport" name="test_export_revenues_pdf_returns_200" time="0.124" /><testcase classname="backend.tests.test_admin_new_features.TestPDFExport" name="test_export_revenues_pdf_content_type" time="0.106" /><testcase classname="backend.tests.test_admin_new_features.TestPDFExport" name="test_export_revenues_pdf_has_content_disposition" time="0.109" /><testcase classname="backend.tests.test_admin_new_features.TestPDFExport" name="test_export_revenues_pdf_valid_pdf" time="0.102" /><testcase classname="backend.tests.test_admin_new_features.TestPDFExportCreatesAuditLog" name="test_users_pdf_export_creates_audit_log" time="0.655" /><testcase classname="backend.tests.test_admin_new_features.TestPDFExportCreatesAuditLog" name="test_revenues_pdf_export_creates_audit_log" time="0.333" /><testcase classname="backend.tests.test_admin_new_features.TestNonAdminAccess" name="test_analytics_requires_admin" time="0.106" /><testcase classname="backend.tests.test_admin_new_features.TestNonAdminAccess" name="test_audit_logs_requires_admin" time="0.103" /><testcase classname="backend.tests.test_admin_new_features.TestNonAdminAccess" name="test_export_users_pdf_requires_admin" time="0.107" /><testcase classname="backend.tests.test_admin_new_features.TestNonAdminAccess" name="test_export_revenues_pdf_requires_admin" time="0.126" /></testsuite></testsuites>