<?xml version="1.0" encoding="utf-8"?><testsuites name="pytest tests"><testsuite name="pytest" errors="0" failures="0" skipped="0" tests="13" time="2.318" timestamp="2026-03-31T16:52:48.088724+00:00" hostname="agent-env-ac03ecff-024b-4c7c-90a6-0c4dd8a8ab93"><testcase classname="backend.tests.test_broadcast_ab_scheduled.TestBroadcastCreate" name="test_create_standard_broadcast_draft" time="0.633" /><testcase classname="backend.tests.test_broadcast_ab_scheduled.TestBroadcastCreate" name="test_create_ab_broadcast" time="0.053" /><testcase classname="backend.tests.test_broadcast_ab_scheduled.TestBroadcastCreate" name="test_create_scheduled_broadcast" time="0.053" /><testcase classname="backend.tests.test_broadcast_ab_scheduled.TestBroadcastCreate" name="test_reject_past_scheduled_at" time="0.056" /><testcase classname="backend.tests.test_broadcast_ab_scheduled.TestBroadcastCreate" name="test_reject_ab_without_variant_b" time="0.065" /><testcase classname="backend.tests.test_broadcast_ab_scheduled.TestBroadcastSend" name="test_send_broadcast" time="0.133" /><testcase classname="backend.tests.test_broadcast_ab_scheduled.TestBroadcastStats" name="test_get_stats_standard" time="0.163" /><testcase classname="backend.tests.test_broadcast_ab_scheduled.TestBroadcastStats" name="test_get_stats_ab_test" time="0.163" /><testcase classname="backend.tests.test_broadcast_ab_scheduled.TestBroadcastDelete" name="test_delete_draft_broadcast" time="0.164" /><testcase classname="backend.tests.test_broadcast_ab_scheduled.TestBroadcastDelete" name="test_delete_scheduled_broadcast" time="0.112" /><testcase classname="backend.tests.test_broadcast_ab_scheduled.TestBroadcastCancelSchedule" name="test_cancel_scheduled_broadcast" time="0.162" /><testcase classname="backend.tests.test_broadcast_ab_scheduled.TestBroadcastList" name="test_list_broadcasts" time="0.050" /><testcase classname="backend.tests.test_broadcast_ab_scheduled.TestCleanup" name="test_cleanup_test_broadcasts" time="0.416" /></testsuite></testsuites>