<?xml version="1.0" encoding="utf-8"?><testsuites name="pytest tests"><testsuite name="pytest" errors="0" failures="0" skipped="0" tests="7" time="19.194" timestamp="2026-03-31T04:23:01.971704+00:00" hostname="agent-env-ac03ecff-024b-4c7c-90a6-0c4dd8a8ab93"><testcase classname="tests.test_demo_chat.TestDemoChatEndpoint" name="test_demo_chat_basic_message" time="3.419" /><testcase classname="tests.test_demo_chat.TestDemoChatEndpoint" name="test_demo_chat_with_session_id" time="2.290" /><testcase classname="tests.test_demo_chat.TestDemoChatEndpoint" name="test_demo_chat_with_conversation_history" time="4.352" /><testcase classname="tests.test_demo_chat.TestDemoChatEndpoint" name="test_demo_chat_empty_message" time="4.696" /><testcase classname="tests.test_demo_chat.TestDemoChatEndpoint" name="test_demo_chat_pricing_question" time="4.146" /><testcase classname="tests.test_demo_chat.TestHealthEndpoint" name="test_api_health" time="0.112" /><testcase classname="tests.test_demo_chat.TestHealthEndpoint" name="test_root_api_endpoint" time="0.104" /></testsuite></testsuites>