<?xml version="1.0" encoding="utf-8"?><testsuites name="pytest tests"><testsuite name="pytest" errors="0" failures="1" skipped="0" tests="7" time="2.334" timestamp="2026-03-31T05:14:19.242901+00:00" hostname="agent-env-ac03ecff-024b-4c7c-90a6-0c4dd8a8ab93"><testcase classname="tests.test_email_verification.TestEmailVerification" name="test_register_returns_unverified_user" time="0.534" /><testcase classname="tests.test_email_verification.TestEmailVerification" name="test_verify_email_with_invalid_token" time="0.175" /><testcase classname="tests.test_email_verification.TestEmailVerification" name="test_resend_verification_for_nonexistent_email" time="0.146" /><testcase classname="tests.test_email_verification.TestEmailVerification" name="test_resend_verification_for_existing_user" time="0.526" /><testcase classname="tests.test_email_verification.TestEmailVerification" name="test_register_duplicate_email" time="0.434" /><testcase classname="tests.test_email_verification.TestExistingUserLogin" name="test_demo_user_login" time="0.099"><failure message="AssertionError: Expected 200, got 401: {&quot;detail&quot;:&quot;Incorrect email or password&quot;}&#10;assert 401 == 200&#10; +  where 401 = &lt;Response [401]&gt;.status_code">tests/test_email_verification.py:144: in test_demo_user_login
    assert response.status_code == 200, f"Expected 200, got {response.status_code}: {response.text}"
E   AssertionError: Expected 200, got 401: {"detail":"Incorrect email or password"}
E   assert 401 == 200
E    +  where 401 = &lt;Response [401]&gt;.status_code</failure></testcase><testcase classname="tests.test_email_verification.TestExistingUserLogin" name="test_admin_user_login" time="0.322" /></testsuite></testsuites>