<?xml version="1.0" encoding="utf-8"?><testsuites name="pytest tests"><testsuite name="pytest" errors="0" failures="0" skipped="0" tests="20" time="13.369" timestamp="2026-03-31T16:16:21.709420+00:00" hostname="agent-env-ac03ecff-024b-4c7c-90a6-0c4dd8a8ab93"><testcase classname="tests.test_grow_module.TestGrowFeatureFlags" name="test_get_feature_flags_public" time="0.160" /><testcase classname="tests.test_grow_module.TestGrowWaitlist" name="test_get_waitlist_count" time="0.124" /><testcase classname="tests.test_grow_module.TestGrowWaitlist" name="test_join_waitlist" time="0.110" /><testcase classname="tests.test_grow_module.TestGrowWaitlist" name="test_join_waitlist_duplicate" time="0.237" /><testcase classname="tests.test_grow_module.TestGrowPlans" name="test_get_plans" time="0.131" /><testcase classname="tests.test_grow_module.TestGrowAuthenticatedEndpoints" name="test_get_subscription_no_sub" time="0.480" /><testcase classname="tests.test_grow_module.TestGrowAuthenticatedEndpoints" name="test_get_fb_account" time="0.487" /><testcase classname="tests.test_grow_module.TestGrowAuthenticatedEndpoints" name="test_get_campaigns" time="0.456" /><testcase classname="tests.test_grow_module.TestGrowAuthenticatedEndpoints" name="test_get_overview" time="0.476" /><testcase classname="tests.test_grow_module.TestGrowAuthenticatedEndpoints" name="test_connect_fb_account" time="0.460" /><testcase classname="tests.test_grow_module.TestGrowAuthenticatedEndpoints" name="test_disconnect_fb_account" time="0.491" /><testcase classname="tests.test_grow_module.TestGrowCampaignCRUD" name="test_create_campaign" time="0.454" /><testcase classname="tests.test_grow_module.TestGrowCampaignCRUD" name="test_get_campaign_detail" time="0.593" /><testcase classname="tests.test_grow_module.TestGrowCampaignCRUD" name="test_update_campaign_status" time="0.759" /><testcase classname="tests.test_grow_module.TestGrowAICreative" name="test_generate_creative" time="5.144" /><testcase classname="tests.test_grow_module.TestAdminFeatureFlags" name="test_get_admin_feature_flags" time="0.572" /><testcase classname="tests.test_grow_module.TestAdminFeatureFlags" name="test_update_feature_flags" time="0.680" /><testcase classname="tests.test_grow_module.TestAdminGrowStats" name="test_get_grow_stats" time="0.479" /><testcase classname="tests.test_grow_module.TestAdminWaitlist" name="test_get_waitlist" time="0.494" /><testcase classname="tests.test_grow_module.TestAdminWaitlist" name="test_export_waitlist_csv" time="0.510" /></testsuite></testsuites>