<?xml version="1.0" encoding="utf-8"?><testsuites name="pytest tests"><testsuite name="pytest" errors="0" failures="0" skipped="0" tests="17" time="7.375" timestamp="2026-03-29T04:18:12.100865+00:00" hostname="agent-env-ac03ecff-024b-4c7c-90a6-0c4dd8a8ab93"><testcase classname="tests.test_waza_api.TestHealthEndpoints" name="test_api_health_check" time="0.174" /><testcase classname="tests.test_waza_api.TestBillingPlans" name="test_get_billing_plans" time="0.113" /><testcase classname="tests.test_waza_api.TestAuth" name="test_login_success" time="0.411" /><testcase classname="tests.test_waza_api.TestAuth" name="test_login_invalid_credentials" time="0.107" /><testcase classname="tests.test_waza_api.TestAuth" name="test_refresh_token" time="0.424" /><testcase classname="tests.test_waza_api.TestAuth" name="test_register_new_user" time="0.335" /><testcase classname="tests.test_waza_api.TestWorkspaces" name="test_list_workspaces" time="0.438" /><testcase classname="tests.test_waza_api.TestWorkspaces" name="test_create_workspace" time="0.432" /><testcase classname="tests.test_waza_api.TestAgents" name="test_list_agents" time="0.531" /><testcase classname="tests.test_waza_api.TestAgents" name="test_create_agent" time="0.526" /><testcase classname="tests.test_waza_api.TestContacts" name="test_list_contacts" time="0.531" /><testcase classname="tests.test_waza_api.TestContacts" name="test_create_contact" time="0.549" /><testcase classname="tests.test_waza_api.TestContacts" name="test_import_contacts" time="0.546" /><testcase classname="tests.test_waza_api.TestConversations" name="test_list_conversations" time="0.529" /><testcase classname="tests.test_waza_api.TestBroadcasts" name="test_list_broadcasts" time="0.545" /><testcase classname="tests.test_waza_api.TestBroadcasts" name="test_create_broadcast" time="0.567" /><testcase classname="tests.test_waza_api.TestAnalytics" name="test_get_analytics_overview" time="0.528" /></testsuite></testsuites>