<?xml version="1.0" encoding="utf-8"?><testsuites name="pytest tests"><testsuite name="pytest" errors="0" failures="0" skipped="0" tests="10" time="9.377" timestamp="2026-03-31T16:38:20.828711+00:00" hostname="agent-env-ac03ecff-024b-4c7c-90a6-0c4dd8a8ab93"><testcase classname="tests.test_rate_limiting.TestHealthEndpointRateLimits" name="test_health_returns_rate_limits" time="0.313" /><testcase classname="tests.test_rate_limiting.TestAuthRegisterRateLimit" name="test_register_accepts_valid_request" time="0.409" /><testcase classname="tests.test_rate_limiting.TestAuthLoginRateLimit" name="test_login_accepts_valid_request" time="0.362" /><testcase classname="tests.test_rate_limiting.TestAuthLoginRateLimit" name="test_login_with_valid_credentials" time="0.434" /><testcase classname="tests.test_rate_limiting.TestAuthForgotPasswordRateLimit" name="test_forgot_password_accepts_request" time="0.142" /><testcase classname="tests.test_rate_limiting.TestAuthResendVerificationRateLimit" name="test_resend_verification_accepts_request" time="0.156" /><testcase classname="tests.test_rate_limiting.TestDemoChatRateLimit" name="test_demo_chat_accepts_request" time="4.320" /><testcase classname="tests.test_rate_limiting.TestGrowWaitlistRateLimit" name="test_waitlist_accepts_request" time="0.205" /><testcase classname="tests.test_rate_limiting.TestGrowWaitlistRateLimit" name="test_waitlist_duplicate_email" time="0.224" /><testcase classname="tests.test_rate_limiting.TestRateLimitExceeded" name="test_register_rate_limit_triggers_429" time="2.724" /></testsuite></testsuites>