<?xml version="1.0" encoding="utf-8"?><testsuites name="pytest tests"><testsuite name="pytest" errors="0" failures="0" skipped="0" tests="16" time="6.208" timestamp="2026-03-31T17:15:14.684300+00:00" hostname="agent-env-ac03ecff-024b-4c7c-90a6-0c4dd8a8ab93"><testcase classname="backend.tests.test_team_collaboration.TestListMembers" name="test_list_members_returns_owner" time="0.714" /><testcase classname="backend.tests.test_team_collaboration.TestListMembers" name="test_list_members_includes_invited" time="0.181" /><testcase classname="backend.tests.test_team_collaboration.TestInviteMember" name="test_invite_member_success" time="0.317" /><testcase classname="backend.tests.test_team_collaboration.TestInviteMember" name="test_invite_admin_role" time="0.437" /><testcase classname="backend.tests.test_team_collaboration.TestInviteMember" name="test_invite_self_rejected" time="0.114" /><testcase classname="backend.tests.test_team_collaboration.TestInviteMember" name="test_invite_duplicate_rejected" time="0.481" /><testcase classname="backend.tests.test_team_collaboration.TestInviteMember" name="test_invite_invalid_role_rejected" time="0.148" /><testcase classname="backend.tests.test_team_collaboration.TestUpdateMemberRole" name="test_update_role_success" time="0.550" /><testcase classname="backend.tests.test_team_collaboration.TestUpdateMemberRole" name="test_update_role_invalid_rejected" time="0.371" /><testcase classname="backend.tests.test_team_collaboration.TestRemoveMember" name="test_remove_member_success" time="0.418" /><testcase classname="backend.tests.test_team_collaboration.TestRemoveMember" name="test_remove_nonexistent_member" time="0.122" /><testcase classname="backend.tests.test_team_collaboration.TestMyInvitations" name="test_my_invitations_returns_list" time="0.491" /><testcase classname="backend.tests.test_team_collaboration.TestAcceptInvitation" name="test_accept_invitation_flow" time="0.536" /><testcase classname="backend.tests.test_team_collaboration.TestAcceptInvitation" name="test_accept_invalid_token" time="0.116" /><testcase classname="backend.tests.test_team_collaboration.TestAcceptInvitation" name="test_accept_wrong_user" time="0.493" /><testcase classname="backend.tests.test_team_collaboration.TestWorkspacesListIncludesShared" name="test_workspaces_list_includes_shared" time="0.622" /></testsuite></testsuites>