<?xml version="1.0" encoding="utf-8"?><testsuites name="pytest tests"><testsuite name="pytest" errors="0" failures="0" skipped="0" tests="14" time="10.628" timestamp="2026-03-31T05:56:36.081018+00:00" hostname="agent-env-ac03ecff-024b-4c7c-90a6-0c4dd8a8ab93"><testcase classname="tests.test_websocket_features.TestSimulateMessageEndpoint" name="test_simulate_message_creates_user_and_ai_response" time="4.438" /><testcase classname="tests.test_websocket_features.TestSimulateMessageEndpoint" name="test_simulate_message_invalid_conversation" time="0.101" /><testcase classname="tests.test_websocket_features.TestSimulateMessageEndpoint" name="test_simulate_message_no_auth_required" time="4.473" /><testcase classname="tests.test_websocket_features.TestConversationMessagesEndpoint" name="test_get_conversation_messages_success" time="0.473" /><testcase classname="tests.test_websocket_features.TestConversationMessagesEndpoint" name="test_get_conversation_messages_requires_auth" time="0.116" /><testcase classname="tests.test_websocket_features.TestConversationMessagesEndpoint" name="test_get_conversation_messages_invalid_id" time="0.113" /><testcase classname="tests.test_websocket_features.TestConversationsListEndpoint" name="test_list_conversations_success" time="0.101" /><testcase classname="tests.test_websocket_features.TestConversationsListEndpoint" name="test_list_conversations_requires_auth" time="0.113" /><testcase classname="tests.test_websocket_features.TestCloseConversationEndpoint" name="test_close_conversation_success" time="0.113" /><testcase classname="tests.test_websocket_features.TestCloseConversationEndpoint" name="test_close_conversation_requires_auth" time="0.104" /><testcase classname="tests.test_websocket_features.TestCloseConversationEndpoint" name="test_close_conversation_invalid_id" time="0.109" /><testcase classname="tests.test_websocket_features.TestWebSocketEndpointsExist" name="test_ws_conversation_endpoint_registered" time="0.094" /><testcase classname="tests.test_websocket_features.TestWebSocketEndpointsExist" name="test_ws_notifications_endpoint_registered" time="0.099" /><testcase classname="tests.test_websocket_features.TestHealthCheck" name="test_api_health" time="0.098" /></testsuite></testsuites>